<?xml version="1.0" encoding="UTF-8"?>
<coverage generated="1678734430729" clover="3.2.0">
  <project timestamp="1678734430729" name="All files">
    <metrics statements="19" coveredstatements="19" conditionals="24" coveredconditionals="24" methods="6" coveredmethods="6" elements="49" coveredelements="49" complexity="0" loc="19" ncloc="19" packages="1" files="1" classes="1"/>
    <file name="operacoes.js" path="C:\Users\joao.garcia2\Documents\Teste\src\operacoes.js">
      <metrics statements="19" coveredstatements="19" conditionals="24" coveredconditionals="24" methods="6" coveredmethods="6"/>
      <line num="2" count="5" type="cond" truecount="4" falsecount="0"/>
      <line num="3" count="2" type="stmt"/>
      <line num="5" count="3" type="stmt"/>
      <line num="9" count="5" type="cond" truecount="4" falsecount="0"/>
      <line num="10" count="2" type="stmt"/>
      <line num="12" count="3" type="stmt"/>
      <line num="17" count="9" type="cond" truecount="4" falsecount="0"/>
      <line num="18" count="2" type="stmt"/>
      <line num="20" count="7" type="stmt"/>
      <line num="25" count="8" type="cond" truecount="4" falsecount="0"/>
      <line num="26" count="2" type="stmt"/>
      <line num="28" count="6" type="stmt"/>
      <line num="33" count="9" type="cond" truecount="4" falsecount="0"/>
      <line num="34" count="2" type="stmt"/>
      <line num="36" count="7" type="stmt"/>
      <line num="40" count="9" type="cond" truecount="4" falsecount="0"/>
      <line num="41" count="2" type="stmt"/>
      <line num="43" count="7" type="stmt"/>
      <line num="51" count="1" type="stmt"/>
    </file>
  </project>
</coverage>
