{"C:\\Users\\joao.garcia2\\Documents\\Teste\\src\\operacoes.js": {"path":"C:\\Users\\joao.garcia2\\Documents\\Teste\\src\\operacoes.js","statementMap":{"0":{"start":{"line":2,"column":4},"end":{"line":4,"column":5}},"1":{"start":{"line":3,"column":8},"end":{"line":3,"column":31}},"2":{"start":{"line":5,"column":4},"end":{"line":5,"column":22}},"3":{"start":{"line":9,"column":4},"end":{"line":11,"column":5}},"4":{"start":{"line":10,"column":8},"end":{"line":10,"column":31}},"5":{"start":{"line":12,"column":4},"end":{"line":12,"column":22}},"6":{"start":{"line":17,"column":4},"end":{"line":19,"column":5}},"7":{"start":{"line":18,"column":8},"end":{"line":18,"column":31}},"8":{"start":{"line":20,"column":4},"end":{"line":20,"column":22}},"9":{"start":{"line":25,"column":4},"end":{"line":27,"column":5}},"10":{"start":{"line":26,"column":8},"end":{"line":26,"column":31}},"11":{"start":{"line":28,"column":4},"end":{"line":28,"column":22}},"12":{"start":{"line":33,"column":4},"end":{"line":35,"column":5}},"13":{"start":{"line":34,"column":8},"end":{"line":34,"column":31}},"14":{"start":{"line":36,"column":4},"end":{"line":36,"column":23}},"15":{"start":{"line":40,"column":4},"end":{"line":42,"column":5}},"16":{"start":{"line":41,"column":8},"end":{"line":41,"column":31}},"17":{"start":{"line":43,"column":4},"end":{"line":43,"column":23}},"18":{"start":{"line":51,"column":0},"end":{"line":58,"column":1}}},"fnMap":{"0":{"name":"sum","decl":{"start":{"line":1,"column":9},"end":{"line":1,"column":12}},"loc":{"start":{"line":1,"column":25},"end":{"line":6,"column":1}},"line":1},"1":{"name":"sub","decl":{"start":{"line":8,"column":9},"end":{"line":8,"column":12}},"loc":{"start":{"line":8,"column":25},"end":{"line":13,"column":1}},"line":8},"2":{"name":"div","decl":{"start":{"line":16,"column":9},"end":{"line":16,"column":12}},"loc":{"start":{"line":16,"column":25},"end":{"line":21,"column":1}},"line":16},"3":{"name":"mult","decl":{"start":{"line":24,"column":9},"end":{"line":24,"column":13}},"loc":{"start":{"line":24,"column":26},"end":{"line":29,"column":1}},"line":24},"4":{"name":"raiz","decl":{"start":{"line":32,"column":9},"end":{"line":32,"column":13}},"loc":{"start":{"line":32,"column":26},"end":{"line":37,"column":1}},"line":32},"5":{"name":"pot","decl":{"start":{"line":39,"column":9},"end":{"line":39,"column":12}},"loc":{"start":{"line":39,"column":25},"end":{"line":44,"column":1}},"line":39}},"branchMap":{"0":{"loc":{"start":{"line":2,"column":4},"end":{"line":4,"column":5}},"type":"if","locations":[{"start":{"line":2,"column":4},"end":{"line":4,"column":5}},{"start":{},"end":{}}],"line":2},"1":{"loc":{"start":{"line":2,"column":7},"end":{"line":2,"column":33}},"type":"binary-expr","locations":[{"start":{"line":2,"column":7},"end":{"line":2,"column":18}},{"start":{"line":2,"column":22},"end":{"line":2,"column":33}}],"line":2},"2":{"loc":{"start":{"line":9,"column":4},"end":{"line":11,"column":5}},"type":"if","locations":[{"start":{"line":9,"column":4},"end":{"line":11,"column":5}},{"start":{},"end":{}}],"line":9},"3":{"loc":{"start":{"line":9,"column":7},"end":{"line":9,"column":33}},"type":"binary-expr","locations":[{"start":{"line":9,"column":7},"end":{"line":9,"column":18}},{"start":{"line":9,"column":22},"end":{"line":9,"column":33}}],"line":9},"4":{"loc":{"start":{"line":17,"column":4},"end":{"line":19,"column":5}},"type":"if","locations":[{"start":{"line":17,"column":4},"end":{"line":19,"column":5}},{"start":{},"end":{}}],"line":17},"5":{"loc":{"start":{"line":17,"column":7},"end":{"line":17,"column":33}},"type":"binary-expr","locations":[{"start":{"line":17,"column":7},"end":{"line":17,"column":18}},{"start":{"line":17,"column":22},"end":{"line":17,"column":33}}],"line":17},"6":{"loc":{"start":{"line":25,"column":4},"end":{"line":27,"column":5}},"type":"if","locations":[{"start":{"line":25,"column":4},"end":{"line":27,"column":5}},{"start":{},"end":{}}],"line":25},"7":{"loc":{"start":{"line":25,"column":7},"end":{"line":25,"column":33}},"type":"binary-expr","locations":[{"start":{"line":25,"column":7},"end":{"line":25,"column":18}},{"start":{"line":25,"column":22},"end":{"line":25,"column":33}}],"line":25},"8":{"loc":{"start":{"line":33,"column":4},"end":{"line":35,"column":5}},"type":"if","locations":[{"start":{"line":33,"column":4},"end":{"line":35,"column":5}},{"start":{},"end":{}}],"line":33},"9":{"loc":{"start":{"line":33,"column":7},"end":{"line":33,"column":33}},"type":"binary-expr","locations":[{"start":{"line":33,"column":7},"end":{"line":33,"column":18}},{"start":{"line":33,"column":22},"end":{"line":33,"column":33}}],"line":33},"10":{"loc":{"start":{"line":40,"column":4},"end":{"line":42,"column":5}},"type":"if","locations":[{"start":{"line":40,"column":4},"end":{"line":42,"column":5}},{"start":{},"end":{}}],"line":40},"11":{"loc":{"start":{"line":40,"column":7},"end":{"line":40,"column":33}},"type":"binary-expr","locations":[{"start":{"line":40,"column":7},"end":{"line":40,"column":18}},{"start":{"line":40,"column":22},"end":{"line":40,"column":33}}],"line":40}},"s":{"0":5,"1":2,"2":3,"3":5,"4":2,"5":3,"6":9,"7":2,"8":7,"9":8,"10":2,"11":6,"12":9,"13":2,"14":7,"15":9,"16":2,"17":7,"18":1},"f":{"0":5,"1":5,"2":9,"3":8,"4":9,"5":9},"b":{"0":[2,3],"1":[5,4],"2":[2,3],"3":[5,4],"4":[2,7],"5":[9,8],"6":[2,6],"7":[8,7],"8":[2,7],"9":[9,8],"10":[2,7],"11":[9,8]},"_coverageSchema":"1a1c01bbd47fc00a2c39e90264f33305004495a9","hash":"98d22d91aa495faef996a9055c9df3fdb832ed80"}
}
