TN:
SF:src\operacoes.js
FN:1,sum
FN:8,sub
FN:16,div
FN:24,mult
FN:32,raiz
FN:39,pot
FNF:6
FNH:6
FNDA:5,sum
FNDA:5,sub
FNDA:9,div
FNDA:8,mult
FNDA:9,raiz
FNDA:9,pot
DA:2,5
DA:3,2
DA:5,3
DA:9,5
DA:10,2
DA:12,3
DA:17,9
DA:18,2
DA:20,7
DA:25,8
DA:26,2
DA:28,6
DA:33,9
DA:34,2
DA:36,7
DA:40,9
DA:41,2
DA:43,7
DA:51,1
LF:19
LH:19
BRDA:2,0,0,2
BRDA:2,0,1,3
BRDA:2,1,0,5
BRDA:2,1,1,4
BRDA:9,2,0,2
BRDA:9,2,1,3
BRDA:9,3,0,5
BRDA:9,3,1,4
BRDA:17,4,0,2
BRDA:17,4,1,7
BRDA:17,5,0,9
BRDA:17,5,1,8
BRDA:25,6,0,2
BRDA:25,6,1,6
BRDA:25,7,0,8
BRDA:25,7,1,7
BRDA:33,8,0,2
BRDA:33,8,1,7
BRDA:33,9,0,9
BRDA:33,9,1,8
BRDA:40,10,0,2
BRDA:40,10,1,7
BRDA:40,11,0,9
BRDA:40,11,1,8
BRF:24
BRH:24
end_of_record
